
Time Buckets
Key		Attempt	SBRS	BadRcpt	Spam	Virus	Threat	Clean
1130310000	81	48	3	22	0	73	8
1130396400	534	363	0	118	0	481	53

Top Threats
Key		Attempt	SBRS	BadRcpt	Spam	Virus	Threat	Clean
Unknown		271	201	3	62	0	266	5
verizon.net	30	27	0	3	0	30	0
comcast.net	25	24	0	1	0	25	0
tpnet.pl	26	3	0	22	0	25	1
rr.com		17	15	0	2	0	17	0
charter.com	15	15	0	0	0	15	0
berkeley.edu	24	0	0	14	0	14	10
mktplace-mail.com	6	6	0	0	0	6	0
interbusiness.it	6	6	0	0	0	6	0
btk.net.pl	6	6	0	0	0	6	0

Top Clean
Key		Attempt	SBRS	BadRcpt	Spam	Virus	Threat	Clean
berkeley.edu	24	0	0	14	0	14	10
yahoo.com	7	0	0	0	0	0	7
Unknown		271	201	3	62	0	266	5
hotmail.com	4	0	0	0	0	0	4
debian.org	3	0	0	0	0	0	3
singletrack.org	2	0	0	0	0	0	2
ziprealty.com	2	0	0	0	0	0	2
davis.ca.us	1	0	0	0	0	0	1
netatlantic.com	1	0	0	0	0	0	1
tpnet.pl	26	3	0	22	0	25	1

Key		Attempt	SBRS	BadRcpt	Spam	Virus	Threat	Clean
GRAND_TOTAL	615	411	3	140	0	554	61
